<?xml version="1.0" encoding="UTF-8"?>
<testng-results ignored="0" total="1" passed="1" failed="0" skipped="0">
  <reporter-output>
  </reporter-output>
  <suite started-at="2023-09-10T20:59:16 IST" name="Default suite" finished-at="2023-09-10T20:59:35 IST" duration-ms="18448">
    <groups>
    </groups>
    <test started-at="2023-09-10T20:59:16 IST" name="Default test" finished-at="2023-09-10T20:59:35 IST" duration-ms="18448">
      <class name="test.Bluedarttest">
        <test-method is-config="true" signature="setUp()[pri:0, instance:test.Bluedarttest@4b741d6d]" started-at="2023-09-10T20:59:16 IST" name="setUp" finished-at="2023-09-10T20:59:26 IST" duration-ms="9380" status="PASS">
          <reporter-output>
          </reporter-output>
        </test-method> <!-- setUp -->
        <test-method signature="verifyLogin()[pri:0, instance:test.Bluedarttest@4b741d6d]" started-at="2023-09-10T20:59:26 IST" name="verifyLogin" finished-at="2023-09-10T20:59:35 IST" duration-ms="8996" status="PASS">
          <reporter-output>
          </reporter-output>
        </test-method> <!-- verifyLogin -->
      </class> <!-- test.Bluedarttest -->
    </test> <!-- Default test -->
  </suite> <!-- Default suite -->
</testng-results>
